[0.077s] DEBUG:colcon:Command line arguments: ['/usr/bin/colcon', 'build']
[0.077s] DEBUG:colcon:Parsed command line arguments: Namespace(log_base=None, log_level=None, verb_name='build', build_base='build', install_base='install', merge_install=False, symlink_install=False, test_result_base=None, continue_on_error=False, executor='parallel', parallel_workers=4, event_handlers=None, ignore_user_meta=False, metas=['./colcon.meta'], base_paths=['.'], packages_ignore=None, packages_ignore_regex=None, paths=None, packages_up_to=None, packages_up_to_regex=None, packages_above=None, packages_above_and_dependencies=None, packages_above_depth=None, packages_select_by_dep=None, packages_skip_by_dep=None, packages_skip_up_to=None, packages_select_build_failed=False, packages_skip_build_finished=False, packages_select_test_failures=False, packages_skip_test_passed=False, packages_select=None, packages_skip=None, packages_select_regex=None, packages_skip_regex=None, packages_start=None, packages_end=None, allow_overriding=[], cmake_args=None, cmake_target=None, cmake_target_skip_unavailable=False, cmake_clean_cache=False, cmake_clean_first=False, cmake_force_configure=False, ament_cmake_args=None, catkin_cmake_args=None, catkin_skip_building_tests=False, verb_parser=<colcon_defaults.argument_parser.defaults.DefaultArgumentsDecorator object at 0xf1ab4c260080>, verb_extension=<colcon_core.verb.build.BuildVerb object at 0xf1ab4c41bf50>, main=<bound method BuildVerb.main of <colcon_core.verb.build.BuildVerb object at 0xf1ab4c41bf50>>)
[0.156s] Level 1:colcon.colcon_core.package_discovery:discover_packages(colcon_meta) check parameters
[0.156s] Level 1:colcon.colcon_core.package_discovery:discover_packages(recursive) check parameters
[0.156s] Level 1:colcon.colcon_core.package_discovery:discover_packages(ignore) check parameters
[0.156s] Level 1:colcon.colcon_core.package_discovery:discover_packages(path) check parameters
[0.156s] Level 1:colcon.colcon_core.package_discovery:discover_packages(colcon_meta) discover
[0.156s] Level 1:colcon.colcon_core.package_discovery:discover_packages(recursive) discover
[0.156s] INFO:colcon.colcon_core.package_discovery:Crawling recursively for packages in '/home/houda/ros2-cpp-basics/ros2_ws/src/hello_world'
[0.156s] Level 1:colcon.colcon_core.package_identification:_identify(.) by extensions ['ignore', 'ignore_ament_install']
[0.156s] Level 1:colcon.colcon_core.package_identification:_identify(.) by extension 'ignore'
[0.156s] Level 1:colcon.colcon_core.package_identification:_identify(.) by extension 'ignore_ament_install'
[0.156s] Level 1:colcon.colcon_core.package_identification:_identify(.) by extensions ['colcon_pkg']
[0.156s] Level 1:colcon.colcon_core.package_identification:_identify(.) by extension 'colcon_pkg'
[0.156s] Level 1:colcon.colcon_core.package_identification:_identify(.) by extensions ['colcon_meta']
[0.156s] Level 1:colcon.colcon_core.package_identification:_identify(.) by extension 'colcon_meta'
[0.156s] Level 1:colcon.colcon_core.package_identification:_identify(.) by extensions ['ros']
[0.156s] Level 1:colcon.colcon_core.package_identification:_identify(.) by extension 'ros'
[0.172s] DEBUG:colcon.colcon_core.package_identification:Package '.' with type 'ros.ament_cmake' and name 'hello_world'
[0.172s] Level 1:colcon.colcon_core.package_discovery:discover_packages(recursive) using defaults
[0.172s] Level 1:colcon.colcon_core.package_discovery:discover_packages(ignore) discover
[0.172s] Level 1:colcon.colcon_core.package_discovery:discover_packages(ignore) using defaults
[0.172s] Level 1:colcon.colcon_core.package_discovery:discover_packages(path) discover
[0.172s] Level 1:colcon.colcon_core.package_discovery:discover_packages(path) using defaults
[0.180s] Level 1:colcon.colcon_core.package_discovery:discover_packages(prefix_path) check parameters
[0.180s] Level 1:colcon.colcon_core.package_discovery:discover_packages(prefix_path) discover
[0.181s] DEBUG:colcon.colcon_installed_package_information.package_discovery:Found 1 installed packages in /home/houda/ros2-cpp-basics/ros2_ws/install
[0.181s] DEBUG:colcon.colcon_installed_package_information.package_discovery:Found 192 installed packages in /opt/ros/jazzy
[0.182s] Level 1:colcon.colcon_core.package_discovery:discover_packages(prefix_path) using defaults
[0.195s] Level 5:colcon.colcon_core.verb:set package 'hello_world' build argument 'cmake_args' from command line to 'None'
[0.195s] Level 5:colcon.colcon_core.verb:set package 'hello_world' build argument 'cmake_target' from command line to 'None'
[0.195s] Level 5:colcon.colcon_core.verb:set package 'hello_world' build argument 'cmake_target_skip_unavailable' from command line to 'False'
[0.195s] Level 5:colcon.colcon_core.verb:set package 'hello_world' build argument 'cmake_clean_cache' from command line to 'False'
[0.195s] Level 5:colcon.colcon_core.verb:set package 'hello_world' build argument 'cmake_clean_first' from command line to 'False'
[0.195s] Level 5:colcon.colcon_core.verb:set package 'hello_world' build argument 'cmake_force_configure' from command line to 'False'
[0.195s] Level 5:colcon.colcon_core.verb:set package 'hello_world' build argument 'ament_cmake_args' from command line to 'None'
[0.195s] Level 5:colcon.colcon_core.verb:set package 'hello_world' build argument 'catkin_cmake_args' from command line to 'None'
[0.195s] Level 5:colcon.colcon_core.verb:set package 'hello_world' build argument 'catkin_skip_building_tests' from command line to 'False'
[0.195s] DEBUG:colcon.colcon_core.verb:Building package 'hello_world' with the following arguments: {'ament_cmake_args': None, 'build_base': '/home/houda/ros2-cpp-basics/ros2_ws/src/hello_world/build/hello_world', 'catkin_cmake_args': None, 'catkin_skip_building_tests': False, 'cmake_args': None, 'cmake_clean_cache': False, 'cmake_clean_first': False, 'cmake_force_configure': False, 'cmake_target': None, 'cmake_target_skip_unavailable': False, 'install_base': '/home/houda/ros2-cpp-basics/ros2_ws/src/hello_world/install/hello_world', 'merge_install': False, 'path': '/home/houda/ros2-cpp-basics/ros2_ws/src/hello_world', 'symlink_install': False, 'test_result_base': None}
[0.195s] INFO:colcon.colcon_core.executor:Executing jobs using 'parallel' executor
[0.196s] DEBUG:colcon.colcon_parallel_executor.executor.parallel:run_until_complete
[0.196s] INFO:colcon.colcon_ros.task.ament_cmake.build:Building ROS package in '/home/houda/ros2-cpp-basics/ros2_ws/src/hello_world' with build type 'ament_cmake'
[0.196s] INFO:colcon.colcon_cmake.task.cmake.build:Building CMake package in '/home/houda/ros2-cpp-basics/ros2_ws/src/hello_world'
[0.197s] INFO:colcon.colcon_core.plugin_system:Skipping extension 'colcon_core.shell.bat': Not used on non-Windows systems
[0.197s] INFO:colcon.colcon_core.shell:Skip shell extension 'powershell' for command environment: Not usable outside of PowerShell
[0.197s] DEBUG:colcon.colcon_core.shell:Skip shell extension 'dsv' for command environment
[0.201s] DEBUG:colcon.colcon_core.event_handler.log_command:Invoking command in '/home/houda/ros2-cpp-basics/ros2_ws/src/hello_world/build/hello_world': CMAKE_PREFIX_PATH=${CMAKE_PREFIX_PATH}:/opt/ros/jazzy /usr/bin/cmake /home/houda/ros2-cpp-basics/ros2_ws/src/hello_world -DCMAKE_INSTALL_PREFIX=/home/houda/ros2-cpp-basics/ros2_ws/src/hello_world/install/hello_world
[0.825s] DEBUG:colcon.colcon_core.event_handler.log_command:Invoked command in '/home/houda/ros2-cpp-basics/ros2_ws/src/hello_world/build/hello_world' returned '0': CMAKE_PREFIX_PATH=${CMAKE_PREFIX_PATH}:/opt/ros/jazzy /usr/bin/cmake /home/houda/ros2-cpp-basics/ros2_ws/src/hello_world -DCMAKE_INSTALL_PREFIX=/home/houda/ros2-cpp-basics/ros2_ws/src/hello_world/install/hello_world
[0.826s] DEBUG:colcon.colcon_core.event_handler.log_command:Invoking command in '/home/houda/ros2-cpp-basics/ros2_ws/src/hello_world/build/hello_world': CMAKE_PREFIX_PATH=${CMAKE_PREFIX_PATH}:/opt/ros/jazzy /usr/bin/cmake --build /home/houda/ros2-cpp-basics/ros2_ws/src/hello_world/build/hello_world -- -j4 -l4
[4.704s] DEBUG:colcon.colcon_core.event_handler.log_command:Invoked command in '/home/houda/ros2-cpp-basics/ros2_ws/src/hello_world/build/hello_world' returned '2': CMAKE_PREFIX_PATH=${CMAKE_PREFIX_PATH}:/opt/ros/jazzy /usr/bin/cmake --build /home/houda/ros2-cpp-basics/ros2_ws/src/hello_world/build/hello_world -- -j4 -l4
[4.709s] Level 1:colcon.colcon_core.environment:create_environment_scripts_only(hello_world)
[4.711s] Level 1:colcon.colcon_core.environment:checking '/home/houda/ros2-cpp-basics/ros2_ws/src/hello_world/install/hello_world' for CMake module files
[4.712s] Level 1:colcon.colcon_core.environment:checking '/home/houda/ros2-cpp-basics/ros2_ws/src/hello_world/install/hello_world' for CMake config files
[4.712s] Level 1:colcon.colcon_core.environment:checking '/home/houda/ros2-cpp-basics/ros2_ws/src/hello_world/install/hello_world/bin'
[4.712s] Level 1:colcon.colcon_core.environment:checking '/home/houda/ros2-cpp-basics/ros2_ws/src/hello_world/install/hello_world/lib/pkgconfig/hello_world.pc'
[4.713s] Level 1:colcon.colcon_core.environment:checking '/home/houda/ros2-cpp-basics/ros2_ws/src/hello_world/install/hello_world/lib/python3.12/site-packages'
[4.713s] Level 1:colcon.colcon_core.environment:checking '/home/houda/ros2-cpp-basics/ros2_ws/src/hello_world/install/hello_world/bin'
[4.713s] INFO:colcon.colcon_core.shell:Creating package script '/home/houda/ros2-cpp-basics/ros2_ws/src/hello_world/install/hello_world/share/hello_world/package.ps1'
[4.714s] INFO:colcon.colcon_core.shell:Creating package descriptor '/home/houda/ros2-cpp-basics/ros2_ws/src/hello_world/install/hello_world/share/hello_world/package.dsv'
[4.714s] INFO:colcon.colcon_core.shell:Creating package script '/home/houda/ros2-cpp-basics/ros2_ws/src/hello_world/install/hello_world/share/hello_world/package.sh'
[4.715s] INFO:colcon.colcon_core.shell:Creating package script '/home/houda/ros2-cpp-basics/ros2_ws/src/hello_world/install/hello_world/share/hello_world/package.bash'
[4.715s] INFO:colcon.colcon_core.shell:Creating package script '/home/houda/ros2-cpp-basics/ros2_ws/src/hello_world/install/hello_world/share/hello_world/package.zsh'
[4.715s] Level 1:colcon.colcon_core.environment:create_file_with_runtime_dependencies(/home/houda/ros2-cpp-basics/ros2_ws/src/hello_world/install/hello_world/share/colcon-core/packages/hello_world)
[4.726s] DEBUG:colcon.colcon_parallel_executor.executor.parallel:closing loop
[4.727s] DEBUG:colcon.colcon_parallel_executor.executor.parallel:loop closed
[4.727s] DEBUG:colcon.colcon_parallel_executor.executor.parallel:run_until_complete finished with '2'
[4.727s] DEBUG:colcon.colcon_core.event_reactor:joining thread
[4.733s] INFO:colcon.colcon_core.plugin_system:Skipping extension 'colcon_notification.desktop_notification.notify_send': Could not find 'notify-send'
[4.733s] INFO:colcon.colcon_core.plugin_system:Skipping extension 'colcon_notification.desktop_notification.terminal_notifier': Not used on non-Darwin systems
[4.733s] INFO:colcon.colcon_core.plugin_system:Skipping extension 'colcon_notification.desktop_notification.win32': Not used on non-Windows systems
[4.733s] INFO:colcon.colcon_notification.desktop_notification:Sending desktop notification using 'notify2'
[4.736s] DEBUG:colcon.colcon_notification.desktop_notification.notify2:Failed to initialize notify2: org.freedesktop.DBus.Error.ServiceUnknown: The name org.freedesktop.Notifications was not provided by any .service files
[4.736s] DEBUG:colcon.colcon_core.event_reactor:joined thread
[4.736s] INFO:colcon.colcon_core.shell:Creating prefix script '/home/houda/ros2-cpp-basics/ros2_ws/src/hello_world/install/local_setup.ps1'
[4.736s] INFO:colcon.colcon_core.shell:Creating prefix util module '/home/houda/ros2-cpp-basics/ros2_ws/src/hello_world/install/_local_setup_util_ps1.py'
[4.737s] INFO:colcon.colcon_core.shell:Creating prefix chain script '/home/houda/ros2-cpp-basics/ros2_ws/src/hello_world/install/setup.ps1'
[4.737s] INFO:colcon.colcon_core.shell:Creating prefix script '/home/houda/ros2-cpp-basics/ros2_ws/src/hello_world/install/local_setup.sh'
[4.738s] INFO:colcon.colcon_core.shell:Creating prefix util module '/home/houda/ros2-cpp-basics/ros2_ws/src/hello_world/install/_local_setup_util_sh.py'
[4.738s] INFO:colcon.colcon_core.shell:Creating prefix chain script '/home/houda/ros2-cpp-basics/ros2_ws/src/hello_world/install/setup.sh'
[4.738s] INFO:colcon.colcon_core.shell:Creating prefix script '/home/houda/ros2-cpp-basics/ros2_ws/src/hello_world/install/local_setup.bash'
[4.739s] INFO:colcon.colcon_core.shell:Creating prefix chain script '/home/houda/ros2-cpp-basics/ros2_ws/src/hello_world/install/setup.bash'
[4.739s] INFO:colcon.colcon_core.shell:Creating prefix script '/home/houda/ros2-cpp-basics/ros2_ws/src/hello_world/install/local_setup.zsh'
[4.739s] INFO:colcon.colcon_core.shell:Creating prefix chain script '/home/houda/ros2-cpp-basics/ros2_ws/src/hello_world/install/setup.zsh'
