[0.005s] Invoking command in '/home/houda/ros2-cpp-basics/ros2_ws/src/hello_world/build/hello_world': CMAKE_PREFIX_PATH=${CMAKE_PREFIX_PATH}:/opt/ros/jazzy /usr/bin/cmake --build /home/houda/ros2-cpp-basics/ros2_ws/src/hello_world/build/hello_world -- -j4 -l4
[0.037s] [ 50%] Built target talker
[0.037s] [ 75%] [32mBuilding CXX object CMakeFiles/listener.dir/src/listener.cpp.o[0m
[3.389s] [100%] [32m[1mLinking CXX executable listener[0m
[3.540s] [100%] Built target listener
[3.548s] Invoked command in '/home/houda/ros2-cpp-basics/ros2_ws/src/hello_world/build/hello_world' returned '0': CMAKE_PREFIX_PATH=${CMAKE_PREFIX_PATH}:/opt/ros/jazzy /usr/bin/cmake --build /home/houda/ros2-cpp-basics/ros2_ws/src/hello_world/build/hello_world -- -j4 -l4
[3.556s] Invoking command in '/home/houda/ros2-cpp-basics/ros2_ws/src/hello_world/build/hello_world': CMAKE_PREFIX_PATH=${CMAKE_PREFIX_PATH}:/opt/ros/jazzy /usr/bin/cmake --install /home/houda/ros2-cpp-basics/ros2_ws/src/hello_world/build/hello_world
[3.561s] -- Install configuration: ""
[3.561s] -- Up-to-date: /home/houda/ros2-cpp-basics/ros2_ws/src/hello_world/install/hello_world/lib/hello_world/talker
[3.561s] -- Installing: /home/houda/ros2-cpp-basics/ros2_ws/src/hello_world/install/hello_world/lib/hello_world/listener
[3.564s] -- Set non-toolchain portion of runtime path of "/home/houda/ros2-cpp-basics/ros2_ws/src/hello_world/install/hello_world/lib/hello_world/listener" to ""
[3.565s] -- Up-to-date: /home/houda/ros2-cpp-basics/ros2_ws/src/hello_world/install/hello_world/share/ament_index/resource_index/package_run_dependencies/hello_world
[3.565s] -- Up-to-date: /home/houda/ros2-cpp-basics/ros2_ws/src/hello_world/install/hello_world/share/ament_index/resource_index/parent_prefix_path/hello_world
[3.565s] -- Up-to-date: /home/houda/ros2-cpp-basics/ros2_ws/src/hello_world/install/hello_world/share/hello_world/environment/ament_prefix_path.sh
[3.565s] -- Up-to-date: /home/houda/ros2-cpp-basics/ros2_ws/src/hello_world/install/hello_world/share/hello_world/environment/ament_prefix_path.dsv
[3.565s] -- Up-to-date: /home/houda/ros2-cpp-basics/ros2_ws/src/hello_world/install/hello_world/share/hello_world/environment/path.sh
[3.565s] -- Up-to-date: /home/houda/ros2-cpp-basics/ros2_ws/src/hello_world/install/hello_world/share/hello_world/environment/path.dsv
[3.565s] -- Up-to-date: /home/houda/ros2-cpp-basics/ros2_ws/src/hello_world/install/hello_world/share/hello_world/local_setup.bash
[3.565s] -- Up-to-date: /home/houda/ros2-cpp-basics/ros2_ws/src/hello_world/install/hello_world/share/hello_world/local_setup.sh
[3.565s] -- Up-to-date: /home/houda/ros2-cpp-basics/ros2_ws/src/hello_world/install/hello_world/share/hello_world/local_setup.zsh
[3.565s] -- Up-to-date: /home/houda/ros2-cpp-basics/ros2_ws/src/hello_world/install/hello_world/share/hello_world/local_setup.dsv
[3.565s] -- Installing: /home/houda/ros2-cpp-basics/ros2_ws/src/hello_world/install/hello_world/share/hello_world/package.dsv
[3.565s] -- Up-to-date: /home/houda/ros2-cpp-basics/ros2_ws/src/hello_world/install/hello_world/share/ament_index/resource_index/packages/hello_world
[3.565s] -- Up-to-date: /home/houda/ros2-cpp-basics/ros2_ws/src/hello_world/install/hello_world/share/hello_world/cmake/hello_worldConfig.cmake
[3.565s] -- Up-to-date: /home/houda/ros2-cpp-basics/ros2_ws/src/hello_world/install/hello_world/share/hello_world/cmake/hello_worldConfig-version.cmake
[3.565s] -- Up-to-date: /home/houda/ros2-cpp-basics/ros2_ws/src/hello_world/install/hello_world/share/hello_world/package.xml
[3.566s] Invoked command in '/home/houda/ros2-cpp-basics/ros2_ws/src/hello_world/build/hello_world' returned '0': CMAKE_PREFIX_PATH=${CMAKE_PREFIX_PATH}:/opt/ros/jazzy /usr/bin/cmake --install /home/houda/ros2-cpp-basics/ros2_ws/src/hello_world/build/hello_world
