[ 50%] Built target listener
[100%] Built target talker
-- Install configuration: ""
-- Up-to-date: /home/houda/ros2-cpp-basics/ros2_ws/src/hello_world/install/hello_world/lib/hello_world/talker
-- Up-to-date: /home/houda/ros2-cpp-basics/ros2_ws/src/hello_world/install/hello_world/lib/hello_world/listener
-- Up-to-date: /home/houda/ros2-cpp-basics/ros2_ws/src/hello_world/install/hello_world/share/ament_index/resource_index/package_run_dependencies/hello_world
-- Up-to-date: /home/houda/ros2-cpp-basics/ros2_ws/src/hello_world/install/hello_world/share/ament_index/resource_index/parent_prefix_path/hello_world
-- Up-to-date: /home/houda/ros2-cpp-basics/ros2_ws/src/hello_world/install/hello_world/share/hello_world/environment/ament_prefix_path.sh
-- Up-to-date: /home/houda/ros2-cpp-basics/ros2_ws/src/hello_world/install/hello_world/share/hello_world/environment/ament_prefix_path.dsv
-- Up-to-date: /home/houda/ros2-cpp-basics/ros2_ws/src/hello_world/install/hello_world/share/hello_world/environment/path.sh
-- Up-to-date: /home/houda/ros2-cpp-basics/ros2_ws/src/hello_world/install/hello_world/share/hello_world/environment/path.dsv
-- Up-to-date: /home/houda/ros2-cpp-basics/ros2_ws/src/hello_world/install/hello_world/share/hello_world/local_setup.bash
-- Up-to-date: /home/houda/ros2-cpp-basics/ros2_ws/src/hello_world/install/hello_world/share/hello_world/local_setup.sh
-- Up-to-date: /home/houda/ros2-cpp-basics/ros2_ws/src/hello_world/install/hello_world/share/hello_world/local_setup.zsh
-- Up-to-date: /home/houda/ros2-cpp-basics/ros2_ws/src/hello_world/install/hello_world/share/hello_world/local_setup.dsv
-- Installing: /home/houda/ros2-cpp-basics/ros2_ws/src/hello_world/install/hello_world/share/hello_world/package.dsv
-- Up-to-date: /home/houda/ros2-cpp-basics/ros2_ws/src/hello_world/install/hello_world/share/ament_index/resource_index/packages/hello_world
-- Up-to-date: /home/houda/ros2-cpp-basics/ros2_ws/src/hello_world/install/hello_world/share/hello_world/cmake/hello_worldConfig.cmake
-- Up-to-date: /home/houda/ros2-cpp-basics/ros2_ws/src/hello_world/install/hello_world/share/hello_world/cmake/hello_worldConfig-version.cmake
-- Up-to-date: /home/houda/ros2-cpp-basics/ros2_ws/src/hello_world/install/hello_world/share/hello_world/package.xml
