[0.005s] Invoking command in '/home/houda/ros2-cpp-basics/ros2_ws/src/hello_world/build/hello_world': CMAKE_PREFIX_PATH=${CMAKE_PREFIX_PATH}:/opt/ros/jazzy /usr/bin/cmake --build /home/houda/ros2-cpp-basics/ros2_ws/src/hello_world/build/hello_world -- -j4 -l4
[0.037s] [ 50%] Built target listener
[0.038s] [100%] Built target talker
[0.042s] Invoked command in '/home/houda/ros2-cpp-basics/ros2_ws/src/hello_world/build/hello_world' returned '0': CMAKE_PREFIX_PATH=${CMAKE_PREFIX_PATH}:/opt/ros/jazzy /usr/bin/cmake --build /home/houda/ros2-cpp-basics/ros2_ws/src/hello_world/build/hello_world -- -j4 -l4
[0.046s] Invoking command in '/home/houda/ros2-cpp-basics/ros2_ws/src/hello_world/build/hello_world': CMAKE_PREFIX_PATH=${CMAKE_PREFIX_PATH}:/opt/ros/jazzy /usr/bin/cmake --install /home/houda/ros2-cpp-basics/ros2_ws/src/hello_world/build/hello_world
[0.049s] -- Install configuration: ""
[0.049s] -- Up-to-date: /home/houda/ros2-cpp-basics/ros2_ws/src/hello_world/install/hello_world/lib/hello_world/talker
[0.049s] -- Up-to-date: /home/houda/ros2-cpp-basics/ros2_ws/src/hello_world/install/hello_world/lib/hello_world/listener
[0.049s] -- Up-to-date: /home/houda/ros2-cpp-basics/ros2_ws/src/hello_world/install/hello_world/share/ament_index/resource_index/package_run_dependencies/hello_world
[0.049s] -- Up-to-date: /home/houda/ros2-cpp-basics/ros2_ws/src/hello_world/install/hello_world/share/ament_index/resource_index/parent_prefix_path/hello_world
[0.049s] -- Up-to-date: /home/houda/ros2-cpp-basics/ros2_ws/src/hello_world/install/hello_world/share/hello_world/environment/ament_prefix_path.sh
[0.049s] -- Up-to-date: /home/houda/ros2-cpp-basics/ros2_ws/src/hello_world/install/hello_world/share/hello_world/environment/ament_prefix_path.dsv
[0.049s] -- Up-to-date: /home/houda/ros2-cpp-basics/ros2_ws/src/hello_world/install/hello_world/share/hello_world/environment/path.sh
[0.049s] -- Up-to-date: /home/houda/ros2-cpp-basics/ros2_ws/src/hello_world/install/hello_world/share/hello_world/environment/path.dsv
[0.049s] -- Up-to-date: /home/houda/ros2-cpp-basics/ros2_ws/src/hello_world/install/hello_world/share/hello_world/local_setup.bash
[0.049s] -- Up-to-date: /home/houda/ros2-cpp-basics/ros2_ws/src/hello_world/install/hello_world/share/hello_world/local_setup.sh
[0.049s] -- Up-to-date: /home/houda/ros2-cpp-basics/ros2_ws/src/hello_world/install/hello_world/share/hello_world/local_setup.zsh
[0.049s] -- Up-to-date: /home/houda/ros2-cpp-basics/ros2_ws/src/hello_world/install/hello_world/share/hello_world/local_setup.dsv
[0.050s] -- Installing: /home/houda/ros2-cpp-basics/ros2_ws/src/hello_world/install/hello_world/share/hello_world/package.dsv
[0.050s] -- Up-to-date: /home/houda/ros2-cpp-basics/ros2_ws/src/hello_world/install/hello_world/share/ament_index/resource_index/packages/hello_world
[0.050s] -- Up-to-date: /home/houda/ros2-cpp-basics/ros2_ws/src/hello_world/install/hello_world/share/hello_world/cmake/hello_worldConfig.cmake
[0.050s] -- Up-to-date: /home/houda/ros2-cpp-basics/ros2_ws/src/hello_world/install/hello_world/share/hello_world/cmake/hello_worldConfig-version.cmake
[0.050s] -- Up-to-date: /home/houda/ros2-cpp-basics/ros2_ws/src/hello_world/install/hello_world/share/hello_world/package.xml
[0.050s] Invoked command in '/home/houda/ros2-cpp-basics/ros2_ws/src/hello_world/build/hello_world' returned '0': CMAKE_PREFIX_PATH=${CMAKE_PREFIX_PATH}:/opt/ros/jazzy /usr/bin/cmake --install /home/houda/ros2-cpp-basics/ros2_ws/src/hello_world/build/hello_world
