-- Found ament_cmake: 2.5.4 (/opt/ros/jazzy/share/ament_cmake/cmake)
-- Found rclcpp: 28.1.13 (/opt/ros/jazzy/share/rclcpp/cmake)
-- Found rosidl_generator_c: 4.6.6 (/opt/ros/jazzy/share/rosidl_generator_c/cmake)
-- Found rosidl_generator_cpp: 4.6.6 (/opt/ros/jazzy/share/rosidl_generator_cpp/cmake)
-- Using all available rosidl_typesupport_c: rosidl_typesupport_fastrtps_c;rosidl_typesupport_introspection_c
-- Using all available rosidl_typesupport_cpp: rosidl_typesupport_fastrtps_cpp;rosidl_typesupport_introspection_cpp
-- Found rmw_implementation_cmake: 7.3.2 (/opt/ros/jazzy/share/rmw_implementation_cmake/cmake)
-- Found rmw_fastrtps_cpp: 8.4.3 (/opt/ros/jazzy/share/rmw_fastrtps_cpp/cmake)
-- Using RMW implementation 'rmw_fastrtps_cpp' as default
-- Found std_msgs: 5.3.6 (/opt/ros/jazzy/share/std_msgs/cmake)
-- Found ament_lint_auto: 0.17.3 (/opt/ros/jazzy/share/ament_lint_auto/cmake)
-- Added test 'cppcheck' to perform static code analysis on C / C++ code
-- Configured cppcheck include dirs: 
-- Configured cppcheck exclude dirs and/or files: 
-- Added test 'flake8' to check Python code syntax and style conventions
-- Configured 'flake8' exclude dirs and/or files: 
-- Added test 'lint_cmake' to check CMake code style
-- Added test 'pep257' to check Python code against some of the docstring style conventions in PEP 257
-- Added test 'uncrustify' to check C / C++ code style
-- Configured uncrustify additional arguments: 
-- Added test 'xmllint' to check XML markup files
-- Configuring done (0.3s)
-- Generating done (0.0s)
-- Build files have been written to: /home/houda/ros2-cpp-basics/ros2_ws/src/hello_world/build/hello_world
[ 25%] [32mBuilding CXX object CMakeFiles/talker.dir/src/talker.cpp.o[0m
[ 75%] Built target listener
[100%] [32m[1mLinking CXX executable talker[0m
[100%] Built target talker
-- Install configuration: ""
-- Installing: /home/houda/ros2-cpp-basics/ros2_ws/src/hello_world/install/hello_world/lib/hello_world/talker
-- Set non-toolchain portion of runtime path of "/home/houda/ros2-cpp-basics/ros2_ws/src/hello_world/install/hello_world/lib/hello_world/talker" to ""
-- Installing: /home/houda/ros2-cpp-basics/ros2_ws/src/hello_world/install/hello_world/lib/hello_world/listener
-- Set non-toolchain portion of runtime path of "/home/houda/ros2-cpp-basics/ros2_ws/src/hello_world/install/hello_world/lib/hello_world/listener" to ""
-- Installing: /home/houda/ros2-cpp-basics/ros2_ws/src/hello_world/install/hello_world/share/ament_index/resource_index/package_run_dependencies/hello_world
-- Installing: /home/houda/ros2-cpp-basics/ros2_ws/src/hello_world/install/hello_world/share/ament_index/resource_index/parent_prefix_path/hello_world
-- Installing: /home/houda/ros2-cpp-basics/ros2_ws/src/hello_world/install/hello_world/share/hello_world/environment/ament_prefix_path.sh
-- Installing: /home/houda/ros2-cpp-basics/ros2_ws/src/hello_world/install/hello_world/share/hello_world/environment/ament_prefix_path.dsv
-- Installing: /home/houda/ros2-cpp-basics/ros2_ws/src/hello_world/install/hello_world/share/hello_world/environment/path.sh
-- Installing: /home/houda/ros2-cpp-basics/ros2_ws/src/hello_world/install/hello_world/share/hello_world/environment/path.dsv
-- Installing: /home/houda/ros2-cpp-basics/ros2_ws/src/hello_world/install/hello_world/share/hello_world/local_setup.bash
-- Installing: /home/houda/ros2-cpp-basics/ros2_ws/src/hello_world/install/hello_world/share/hello_world/local_setup.sh
-- Installing: /home/houda/ros2-cpp-basics/ros2_ws/src/hello_world/install/hello_world/share/hello_world/local_setup.zsh
-- Installing: /home/houda/ros2-cpp-basics/ros2_ws/src/hello_world/install/hello_world/share/hello_world/local_setup.dsv
-- Installing: /home/houda/ros2-cpp-basics/ros2_ws/src/hello_world/install/hello_world/share/hello_world/package.dsv
-- Installing: /home/houda/ros2-cpp-basics/ros2_ws/src/hello_world/install/hello_world/share/ament_index/resource_index/packages/hello_world
-- Installing: /home/houda/ros2-cpp-basics/ros2_ws/src/hello_world/install/hello_world/share/hello_world/cmake/hello_worldConfig.cmake
-- Installing: /home/houda/ros2-cpp-basics/ros2_ws/src/hello_world/install/hello_world/share/hello_world/cmake/hello_worldConfig-version.cmake
-- Installing: /home/houda/ros2-cpp-basics/ros2_ws/src/hello_world/install/hello_world/share/hello_world/package.xml
